2026-06-17 13:49:40 [INFO] CSC is loading...   Success！
2026-06-17 13:49:49 [INFO]    _____  _____  _____ 
2026-06-17 13:49:49 [INFO]   / ____|/ ____|/ ____|
2026-06-17 13:49:49 [INFO]  | |    | (___ | |        [CSC] Version: v1.21.26
2026-06-17 13:49:49 [INFO]  | |     \___ \| |        Minecraft Version: 1.21.1 neoforge
2026-06-17 13:49:49 [INFO]  | |____ ____) | |____    Problem/Feedback: Discord: https://discord.gg/rQV5JPauY7
2026-06-17 13:49:49 [INFO]   \_____|_____/ \_____|
2026-06-17 13:49:49 [INFO]                        
2026-06-17 13:49:49 [INFO] Security notice: Mod id whitelist mode is enabled. This feature restricts printing blocks from mods outside the whitelist to reduce the risk of blueprint vulnerabilities from unknown mods.
If the administrator already understands this security notice, disable the notice with: /csc notice whitelistid off
Control mod id whitelist mode: /csc mode whitelistid on|off
Open config/CSC/config.toml for more detailed configuration.
2026-06-17 14:18:56 [INFO] CSC close completely, thanks for using!
2026-06-17 14:19:08 [INFO] CSC is loading...   Success！
2026-06-17 14:19:12 [INFO]    _____  _____  _____ 
2026-06-17 14:19:12 [INFO]   / ____|/ ____|/ ____|
2026-06-17 14:19:12 [INFO]  | |    | (___ | |        [CSC] Version: v1.21.26
2026-06-17 14:19:12 [INFO]  | |     \___ \| |        Minecraft Version: 1.21.1 neoforge
2026-06-17 14:19:12 [INFO]  | |____ ____) | |____    Problem/Feedback: Discord: https://discord.gg/rQV5JPauY7
2026-06-17 14:19:12 [INFO]   \_____|_____/ \_____|
2026-06-17 14:19:12 [INFO]                        
2026-06-17 14:19:12 [INFO] Security notice: Mod id whitelist mode is enabled. This feature restricts printing blocks from mods outside the whitelist to reduce the risk of blueprint vulnerabilities from unknown mods.
If the administrator already understands this security notice, disable the notice with: /csc notice whitelistid off
Control mod id whitelist mode: /csc mode whitelistid on|off
Open config/CSC/config.toml for more detailed configuration.
2026-06-17 14:42:15 [INFO] CSC close completely, thanks for using!
2026-06-17 14:42:55 [INFO] CSC is loading...   Success！
2026-06-17 14:42:59 [INFO]    _____  _____  _____ 
2026-06-17 14:42:59 [INFO]   / ____|/ ____|/ ____|
2026-06-17 14:42:59 [INFO]  | |    | (___ | |        [CSC] Version: v1.21.26
2026-06-17 14:42:59 [INFO]  | |     \___ \| |        Minecraft Version: 1.21.1 neoforge
2026-06-17 14:42:59 [INFO]  | |____ ____) | |____    Problem/Feedback: Discord: https://discord.gg/rQV5JPauY7
2026-06-17 14:42:59 [INFO]   \_____|_____/ \_____|
2026-06-17 14:42:59 [INFO]                        
2026-06-17 14:42:59 [INFO] Security notice: Mod id whitelist mode is enabled. This feature restricts printing blocks from mods outside the whitelist to reduce the risk of blueprint vulnerabilities from unknown mods.
If the administrator already understands this security notice, disable the notice with: /csc notice whitelistid off
Control mod id whitelist mode: /csc mode whitelistid on|off
Open config/CSC/config.toml for more detailed configuration.
